d:\sergio\universidad\tercero\proyectos\ajedrez\tmp\debug\vc142.pdb
d:\sergio\universidad\tercero\proyectos\ajedrez\tmp\debug\vc142.idb
d:\sergio\universidad\tercero\proyectos\ajedrez\tmp\debug\torre.obj
d:\sergio\universidad\tercero\proyectos\ajedrez\tmp\debug\ajedrez.obj
d:\sergio\universidad\tercero\proyectos\ajedrez\tmp\debug\tablero.obj
d:\sergio\universidad\tercero\proyectos\ajedrez\tmp\debug\rey.obj
d:\sergio\universidad\tercero\proyectos\ajedrez\tmp\debug\reina.obj
d:\sergio\universidad\tercero\proyectos\ajedrez\tmp\debug\pieza.obj
d:\sergio\universidad\tercero\proyectos\ajedrez\tmp\debug\peon.obj
d:\sergio\universidad\tercero\proyectos\ajedrez\tmp\debug\listapiezas.obj
d:\sergio\universidad\tercero\proyectos\ajedrez\tmp\debug\ia.obj
d:\sergio\universidad\tercero\proyectos\ajedrez\tmp\debug\coordinador.obj
d:\sergio\universidad\tercero\proyectos\ajedrez\tmp\debug\caballo.obj
d:\sergio\universidad\tercero\proyectos\ajedrez\tmp\debug\alfil.obj
d:\sergio\universidad\tercero\proyectos\ajedrez\bin\ajedrez.exe
d:\sergio\universidad\tercero\proyectos\ajedrez\tmp\debug\ajedrez.ilk
d:\sergio\universidad\tercero\proyectos\ajedrez\bin\ajedrez.pdb
d:\sergio\universidad\tercero\proyectos\ajedrez\tmp\debug\ajedrez.tlog\cl.command.1.tlog
d:\sergio\universidad\tercero\proyectos\ajedrez\tmp\debug\ajedrez.tlog\cl.read.1.tlog
d:\sergio\universidad\tercero\proyectos\ajedrez\tmp\debug\ajedrez.tlog\cl.write.1.tlog
d:\sergio\universidad\tercero\proyectos\ajedrez\tmp\debug\ajedrez.tlog\link.command.1.tlog
d:\sergio\universidad\tercero\proyectos\ajedrez\tmp\debug\ajedrez.tlog\link.read.1.tlog
d:\sergio\universidad\tercero\proyectos\ajedrez\tmp\debug\ajedrez.tlog\link.write.1.tlog
